[2021-01-13T19:28:36.019] [INFO] cheese - DB INFO: User model has admin already
[2021-01-13T19:28:36.036] [INFO] cheese - DB INFO: Posts has default post already
[2021-01-13T19:28:57.979] [INFO] cheese - DB INFO: User model has admin already
[2021-01-13T19:28:58.004] [INFO] cheese - DB INFO: Posts has default post already
[2021-01-13T19:29:01.961] [INFO] cheese - DB INFO: User model has admin already
[2021-01-13T19:29:01.973] [INFO] cheese - DB INFO: Posts has default post already
[2021-01-13T19:29:15.216] [INFO] cheese - DB INFO: User model has admin already
[2021-01-13T19:29:15.230] [INFO] cheese - DB INFO: Posts has default post already
[2021-01-13T19:29:34.836] [INFO] cheese - DB INFO: User model has admin already
[2021-01-13T19:29:34.847] [INFO] cheese - DB INFO: Posts has default post already
[2021-01-13T19:30:49.815] [INFO] cheese - DB INFO: User model has admin already
[2021-01-13T19:30:49.825] [INFO] cheese - DB INFO: Posts has default post already
[2021-01-13T19:33:20.116] [INFO] cheese - User signup successful : gg
[2021-01-13T19:48:42.229] [INFO] cheese - DB INFO: User model has admin already
[2021-01-13T19:48:42.244] [INFO] cheese - DB INFO: Posts has default post already
[2021-01-13T19:48:59.084] [INFO] cheese - DB INFO: User model has admin already
[2021-01-13T19:48:59.097] [INFO] cheese - DB INFO: Posts has default post already
[2021-01-13T19:49:22.785] [INFO] cheese - DB INFO: User model has admin already
[2021-01-13T19:49:22.829] [INFO] cheese - DB INFO: Posts has default post already
[2021-01-13T19:49:29.776] [INFO] cheese - DB INFO: User model has admin already
[2021-01-13T19:49:29.808] [INFO] cheese - DB INFO: Posts has default post already
[2021-01-13T19:50:20.735] [INFO] cheese - DB INFO: User model has admin already
[2021-01-13T19:50:20.775] [INFO] cheese - DB INFO: Posts has default post already
[2021-01-13T19:50:35.898] [INFO] cheese - DB INFO: User model has admin already
[2021-01-13T19:50:35.913] [INFO] cheese - DB INFO: Posts has default post already
[2021-01-13T19:50:52.142] [INFO] cheese - DB INFO: User model has admin already
[2021-01-13T19:50:52.168] [INFO] cheese - DB INFO: Posts has default post already
[2021-01-13T19:51:28.083] [INFO] cheese - DB INFO: User model has admin already
[2021-01-13T19:51:28.098] [INFO] cheese - DB INFO: Posts has default post already
[2021-01-13T19:55:06.791] [INFO] cheese - DB INFO: User model has admin already
[2021-01-13T19:55:06.813] [INFO] cheese - DB INFO: Posts has default post already
[2021-01-13T19:58:30.924] [INFO] cheese - DB INFO: User model has admin already
[2021-01-13T19:58:30.938] [INFO] cheese - DB INFO: Posts has default post already
[2021-01-15T13:33:42.756] [INFO] cheese - DB INFO: User model has admin already
[2021-01-15T13:33:42.770] [INFO] cheese - DB INFO: Posts has default post already
[2021-01-15T13:48:41.683] [INFO] cheese - DB INFO: User model has admin already
[2021-01-15T13:48:41.694] [INFO] cheese - DB INFO: Posts has default post already
[2021-01-15T13:49:13.145] [INFO] cheese - DB INFO: User model has admin already
[2021-01-15T13:49:13.171] [INFO] cheese - DB INFO: Posts has default post already
[2021-01-15T13:49:27.307] [INFO] cheese - DB INFO: User model has admin already
[2021-01-15T13:49:27.320] [INFO] cheese - DB INFO: Posts has default post already
[2021-01-15T13:49:34.947] [INFO] cheese - DB INFO: User model has admin already
[2021-01-15T13:49:34.959] [INFO] cheese - DB INFO: Posts has default post already
[2021-01-15T13:50:21.003] [INFO] cheese - DB INFO: User model has admin already
[2021-01-15T13:50:21.015] [INFO] cheese - DB INFO: Posts has default post already
[2021-01-15T13:54:33.665] [INFO] cheese - DB INFO: User model has admin already
[2021-01-15T13:54:33.687] [INFO] cheese - DB INFO: Posts has default post already
[2021-01-15T13:54:42.003] [INFO] cheese - DB INFO: User model has admin already
[2021-01-15T13:54:42.017] [INFO] cheese - DB INFO: Posts has default post already
[2021-01-15T13:55:44.144] [INFO] cheese - DB INFO: User model has admin already
[2021-01-15T13:55:44.171] [INFO] cheese - DB INFO: Posts has default post already
[2021-01-15T13:55:48.276] [INFO] cheese - DB INFO: User model has admin already
[2021-01-15T13:55:48.287] [INFO] cheese - DB INFO: Posts has default post already
[2021-01-15T13:56:40.132] [INFO] cheese - DB INFO: User model has admin already
[2021-01-15T13:56:40.172] [INFO] cheese - DB INFO: Posts has default post already
[2021-01-15T14:01:00.580] [INFO] cheese - User signup err (taken) : username
[2021-01-15T16:19:23.422] [INFO] cheese - DB INFO: User model has admin already
[2021-01-15T16:19:23.435] [INFO] cheese - DB INFO: Posts has default post already
[2021-01-15T16:22:35.617] [INFO] cheese - DB INFO: User model has admin already
[2021-01-15T16:22:35.632] [INFO] cheese - DB INFO: Posts has default post already
[2021-01-15T16:22:54.885] [INFO] cheese - DB INFO: User model has admin already
[2021-01-15T16:22:54.935] [INFO] cheese - DB INFO: Posts has default post already
[2021-01-15T16:25:59.459] [INFO] cheese - DB INFO: User model has admin already
[2021-01-15T16:25:59.470] [INFO] cheese - DB INFO: Posts has default post already
[2021-01-15T16:26:29.128] [INFO] cheese - DB INFO: User model has admin already
[2021-01-15T16:26:29.141] [INFO] cheese - DB INFO: Posts has default post already
[2021-01-15T16:33:28.028] [INFO] cheese - DB INFO: User model has admin already
[2021-01-15T16:33:28.106] [INFO] cheese - DB INFO: Posts has default post already
[2021-01-15T16:34:03.358] [INFO] cheese - DB INFO: User model has admin already
[2021-01-15T16:34:03.382] [INFO] cheese - DB INFO: Posts has default post already
[2021-01-15T16:34:55.224] [INFO] cheese - DB INFO: User model has admin already
[2021-01-15T16:34:55.241] [INFO] cheese - DB INFO: Posts has default post already
[2021-01-15T16:35:14.532] [INFO] cheese - DB INFO: User model has admin already
[2021-01-15T16:35:14.582] [INFO] cheese - DB INFO: Posts has default post already
[2021-01-15T16:35:20.670] [INFO] cheese - DB INFO: User model has admin already
[2021-01-15T16:35:20.709] [INFO] cheese - DB INFO: Posts has default post already
[2021-01-15T16:36:19.241] [INFO] cheese - DB INFO: User model has admin already
[2021-01-15T16:36:19.255] [INFO] cheese - DB INFO: Posts has default post already
[2021-01-15T16:40:38.243] [INFO] cheese - DB INFO: User model has admin already
[2021-01-15T16:40:38.255] [INFO] cheese - DB INFO: Posts has default post already
[2021-01-15T16:40:45.010] [INFO] cheese - DB INFO: User model has admin already
[2021-01-15T16:40:45.061] [INFO] cheese - DB INFO: Posts has default post already
[2021-01-15T16:41:25.717] [INFO] cheese - DB INFO: User model has admin already
[2021-01-15T16:41:25.728] [INFO] cheese - DB INFO: Posts has default post already
[2021-01-15T16:58:10.633] [INFO] cheese - DB INFO: User model has admin already
[2021-01-15T16:58:10.678] [INFO] cheese - DB INFO: Posts has default post already
[2021-01-15T17:02:04.213] [INFO] cheese - DB INFO: User model has admin already
[2021-01-15T17:02:04.229] [INFO] cheese - DB INFO: Posts has default post already
[2021-01-15T17:03:31.181] [INFO] cheese - DB INFO: User model has admin already
[2021-01-15T17:03:31.192] [INFO] cheese - DB INFO: Posts has default post already
[2021-01-15T17:03:39.008] [INFO] cheese - DB INFO: User model has admin already
[2021-01-15T17:03:39.018] [INFO] cheese - DB INFO: Posts has default post already
[2021-01-15T17:03:50.758] [INFO] cheese - DB INFO: User model has admin already
[2021-01-15T17:03:50.796] [INFO] cheese - DB INFO: Posts has default post already
[2021-01-15T17:04:38.686] [INFO] cheese - DB INFO: User model has admin already
[2021-01-15T17:04:38.698] [INFO] cheese - DB INFO: Posts has default post already
[2021-01-15T17:04:52.477] [INFO] cheese - DB INFO: User model has admin already
[2021-01-15T17:04:52.518] [INFO] cheese - DB INFO: Posts has default post already
[2021-01-15T17:04:56.383] [INFO] cheese - DB INFO: User model has admin already
[2021-01-15T17:04:56.394] [INFO] cheese - DB INFO: Posts has default post already
[2021-01-15T17:05:55.463] [INFO] cheese - DB INFO: User model has admin already
[2021-01-15T17:05:55.499] [INFO] cheese - DB INFO: Posts has default post already
[2021-01-15T17:06:07.725] [INFO] cheese - DB INFO: User model has admin already
[2021-01-15T17:06:07.736] [INFO] cheese - DB INFO: Posts has default post already
[2021-01-15T17:06:19.264] [INFO] cheese - DB INFO: User model has admin already
[2021-01-15T17:06:19.278] [INFO] cheese - DB INFO: Posts has default post already
[2021-01-15T17:06:48.264] [INFO] cheese - DB INFO: User model has admin already
[2021-01-15T17:06:48.282] [INFO] cheese - DB INFO: Posts has default post already
[2021-01-15T17:07:10.451] [INFO] cheese - DB INFO: User model has admin already
[2021-01-15T17:07:10.484] [INFO] cheese - DB INFO: Posts has default post already
[2021-01-15T17:07:21.268] [INFO] cheese - DB INFO: User model has admin already
[2021-01-15T17:07:21.280] [INFO] cheese - DB INFO: Posts has default post already
[2021-01-15T17:07:37.985] [INFO] cheese - DB INFO: User model has admin already
[2021-01-15T17:07:37.997] [INFO] cheese - DB INFO: Posts has default post already
[2021-01-15T17:11:57.796] [INFO] cheese - DB INFO: User model has admin already
[2021-01-15T17:11:57.804] [INFO] cheese - DB INFO: Posts has default post already
[2021-01-15T17:12:10.591] [INFO] cheese - DB INFO: User model has admin already
[2021-01-15T17:12:10.613] [INFO] cheese - DB INFO: Posts has default post already
[2021-01-15T17:14:04.686] [INFO] cheese - DB INFO: User model has admin already
[2021-01-15T17:14:04.723] [INFO] cheese - DB INFO: Posts has default post already
[2021-01-15T17:14:30.441] [INFO] cheese - DB INFO: User model has admin already
[2021-01-15T17:14:30.511] [INFO] cheese - DB INFO: Posts has default post already
[2021-01-15T17:15:18.308] [INFO] cheese - DB INFO: User model has admin already
[2021-01-15T17:15:18.415] [INFO] cheese - DB INFO: Posts has default post already
[2021-01-15T17:15:43.582] [INFO] cheese - DB INFO: User model has admin already
[2021-01-15T17:15:43.659] [INFO] cheese - DB INFO: Posts has default post already
[2021-01-15T17:15:55.559] [INFO] cheese - DB INFO: User model has admin already
[2021-01-15T17:15:55.657] [INFO] cheese - DB INFO: Posts has default post already
[2021-01-15T17:21:50.128] [INFO] cheese - DB INFO: User model has admin already
[2021-01-15T17:21:50.158] [INFO] cheese - DB INFO: Posts has default post already
[2021-01-15T17:22:11.962] [INFO] cheese - DB INFO: User model has admin already
[2021-01-15T17:22:12.000] [INFO] cheese - DB INFO: Posts has default post already
[2021-01-15T17:23:29.588] [INFO] cheese - DB INFO: User model has admin already
[2021-01-15T17:23:29.641] [INFO] cheese - DB INFO: Posts has default post already
[2021-01-15T17:24:14.241] [INFO] cheese - DB INFO: User model has admin already
[2021-01-15T17:24:14.252] [INFO] cheese - DB INFO: Posts has default post already
[2021-01-15T17:24:22.092] [INFO] cheese - DB INFO: User model has admin already
[2021-01-15T17:24:22.104] [INFO] cheese - DB INFO: Posts has default post already
[2021-01-15T17:24:45.886] [INFO] cheese - DB INFO: User model has admin already
[2021-01-15T17:24:45.899] [INFO] cheese - DB INFO: Posts has default post already
[2021-01-15T17:26:25.586] [INFO] cheese - DB INFO: User model has admin already
[2021-01-15T17:26:25.598] [INFO] cheese - DB INFO: Posts has default post already
[2021-01-21T16:14:32.603] [INFO] cheese - DB INFO: User model has admin already
[2021-01-21T16:14:32.613] [INFO] cheese - DB INFO: Posts has default post already
[2021-01-21T16:31:52.855] [INFO] cheese - DB INFO: User model has admin already
[2021-01-21T16:31:52.867] [INFO] cheese - DB INFO: Posts has default post already
[2021-01-21T16:32:01.475] [INFO] cheese - DB INFO: Default admin inserted
[2021-01-21T16:32:01.504] [INFO] cheese - DB INFO: Default Post inserted with default comment
[2021-01-21T16:32:06.626] [INFO] cheese - DB INFO: User model has admin already
[2021-01-21T16:32:06.637] [INFO] cheese - DB INFO: Posts has default post already
[2021-01-21T16:32:44.521] [INFO] cheese - DB INFO: User model has admin already
[2021-01-21T16:32:44.545] [INFO] cheese - DB INFO: Posts has default post already
[2021-01-21T16:32:51.541] [INFO] cheese - DB INFO: Default admin inserted
[2021-01-21T16:32:51.561] [INFO] cheese - DB INFO: Default Post inserted with default comment
[2021-01-21T16:32:54.960] [INFO] cheese - DB INFO: User model has admin already
[2021-01-21T16:32:54.987] [INFO] cheese - DB INFO: Posts has default post already
[2021-01-21T16:33:30.960] [INFO] cheese - DB INFO: User model has admin already
[2021-01-21T16:33:30.988] [INFO] cheese - DB INFO: Posts has default post already
[2021-01-21T16:33:34.047] [INFO] cheese - DB INFO: User model has admin already
[2021-01-21T16:33:34.058] [INFO] cheese - DB INFO: Posts has default post already
[2021-01-21T16:34:07.853] [INFO] cheese - DB INFO: Default admin inserted
[2021-01-21T16:34:07.869] [INFO] cheese - DB INFO: Default Post inserted with default comment
[2021-01-21T16:34:35.144] [INFO] cheese - DB INFO: User model has admin already
[2021-01-21T16:34:35.173] [INFO] cheese - DB INFO: Posts has default post already
[2021-01-21T16:34:42.538] [INFO] cheese - DB INFO: User model has admin already
[2021-01-21T16:34:42.568] [INFO] cheese - DB INFO: Posts has default post already
[2021-01-21T16:34:47.822] [INFO] cheese - DB INFO: Default admin inserted
[2021-01-21T16:34:47.837] [INFO] cheese - DB INFO: Default Post inserted with default comment
[2021-01-21T16:34:50.905] [INFO] cheese - DB INFO: User model has admin already
[2021-01-21T16:34:50.918] [INFO] cheese - DB INFO: Posts has default post already
[2021-01-21T16:35:08.464] [INFO] cheese - DB INFO: User model has admin already
[2021-01-21T16:35:08.495] [INFO] cheese - DB INFO: Posts has default post already
[2021-01-21T16:35:32.167] [INFO] cheese - DB INFO: Default admin inserted
[2021-01-21T16:35:32.185] [INFO] cheese - DB INFO: Default Post inserted with default comment
[2021-01-21T16:35:36.079] [INFO] cheese - DB INFO: User model has admin already
[2021-01-21T16:35:36.092] [INFO] cheese - DB INFO: Posts has default post already
[2021-01-21T16:42:07.584] [INFO] cheese - DB INFO: User model has admin already
[2021-01-21T16:42:07.598] [INFO] cheese - DB INFO: Posts has default post already
[2021-01-21T16:46:29.850] [INFO] cheese - DB INFO: User model has admin already
[2021-01-21T16:46:29.863] [INFO] cheese - DB INFO: Posts has default post already
[2021-01-21T16:50:37.882] [INFO] cheese - DB INFO: User model has admin already
[2021-01-21T16:50:37.898] [INFO] cheese - DB INFO: Posts has default post already
[2021-01-21T16:50:44.063] [INFO] cheese - DB INFO: Default admin inserted
[2021-01-21T16:50:44.078] [INFO] cheese - DB INFO: Default Post inserted with default comment
[2021-01-21T16:50:46.825] [INFO] cheese - DB INFO: User model has admin already
[2021-01-21T16:50:46.839] [INFO] cheese - DB INFO: Posts has default post already
[2021-01-21T17:10:35.238] [INFO] cheese - DB INFO: User model has admin already
[2021-01-21T17:10:35.260] [INFO] cheese - DB INFO: Posts has default post already
[2021-01-21T17:10:49.822] [INFO] cheese - DB INFO: Default admin inserted
[2021-01-21T17:10:49.838] [INFO] cheese - DB INFO: Default Post inserted with default comment
[2021-01-21T17:10:52.996] [INFO] cheese - DB INFO: User model has admin already
[2021-01-21T17:10:53.021] [INFO] cheese - DB INFO: Posts has default post already
[2021-01-21T17:18:31.942] [INFO] cheese - DB INFO: User model has admin already
[2021-01-21T17:18:31.957] [INFO] cheese - DB INFO: Posts has default post already
[2021-01-21T17:19:00.500] [INFO] cheese - DB INFO: User model has admin already
[2021-01-21T17:19:00.535] [INFO] cheese - DB INFO: Posts has default post already
[2021-01-21T17:19:10.182] [INFO] cheese - DB INFO: Default admin inserted
[2021-01-21T17:19:10.198] [INFO] cheese - DB INFO: Default Post inserted with default comment
[2021-01-21T17:19:13.427] [INFO] cheese - DB INFO: User model has admin already
[2021-01-21T17:19:13.441] [INFO] cheese - DB INFO: Posts has default post already
[2021-01-21T17:35:50.402] [INFO] cheese - DB INFO: User model has admin already
[2021-01-21T17:35:50.414] [INFO] cheese - DB INFO: Posts has default post already
[2021-01-21T17:45:40.170] [INFO] cheese - DB INFO: User model has admin already
[2021-01-21T17:45:40.180] [INFO] cheese - DB INFO: Posts has default post already
[2021-01-21T17:46:19.557] [INFO] cheese - DB INFO: User model has admin already
[2021-01-21T17:46:19.568] [INFO] cheese - DB INFO: Posts has default post already
[2021-01-21T17:46:38.495] [INFO] cheese - DB INFO: User model has admin already
[2021-01-21T17:46:38.515] [INFO] cheese - DB INFO: Posts has default post already
[2021-01-21T17:46:52.115] [INFO] cheese - DB INFO: User model has admin already
[2021-01-21T17:46:52.127] [INFO] cheese - DB INFO: Posts has default post already
[2021-01-21T17:47:08.866] [INFO] cheese - DB INFO: User model has admin already
[2021-01-21T17:47:08.879] [INFO] cheese - DB INFO: Posts has default post already
[2021-01-21T17:49:59.129] [INFO] cheese - DB INFO: User model has admin already
[2021-01-21T17:49:59.141] [INFO] cheese - DB INFO: Posts has default post already
[2021-01-21T17:50:53.096] [INFO] cheese - DB INFO: User model has admin already
[2021-01-21T17:50:53.111] [INFO] cheese - DB INFO: Posts has default post already
[2021-01-21T17:51:02.245] [INFO] cheese - DB INFO: User model has admin already
[2021-01-21T17:51:02.255] [INFO] cheese - DB INFO: Posts has default post already
[2021-01-21T17:51:13.647] [INFO] cheese - DB INFO: User model has admin already
[2021-01-21T17:51:13.659] [INFO] cheese - DB INFO: Posts has default post already
[2021-01-21T17:52:09.120] [INFO] cheese - DB INFO: User model has admin already
[2021-01-21T17:52:09.138] [INFO] cheese - DB INFO: Posts has default post already
[2021-01-21T17:52:41.297] [INFO] cheese - DB INFO: User model has admin already
[2021-01-21T17:52:41.307] [INFO] cheese - DB INFO: Posts has default post already
[2021-01-21T17:52:47.756] [INFO] cheese - DB INFO: User model has admin already
[2021-01-21T17:52:47.790] [INFO] cheese - DB INFO: Posts has default post already
[2021-01-21T17:53:26.046] [INFO] cheese - DB INFO: User model has admin already
[2021-01-21T17:53:26.059] [INFO] cheese - DB INFO: Posts has default post already
[2021-01-21T17:54:03.445] [INFO] cheese - DB INFO: User model has admin already
[2021-01-21T17:54:03.457] [INFO] cheese - DB INFO: Posts has default post already
[2021-01-21T18:02:57.571] [INFO] cheese - DB INFO: User model has admin already
[2021-01-21T18:02:57.582] [INFO] cheese - DB INFO: Posts has default post already
